Python Code Typing Simulation
user
how can i open a text file with formatted text "Python Code" and print it one character at a time. It needs to appear as if being typed for a video. I t may be in a terminal or white letters on a black background. 
The purpose is for screen caper videos. 
I can deal with the capture. I need help with the typing effect
ChatGPT
Certainly, Jack! Here's a Python script using your preferred libraries (Flask, moviepy, etc.) to simulate a typing effect for a Python code text file. The script reads a text file containing Python code and prints it one character at a time, creating a typing effect. It assumes you have a file named `python_code.txt` with the formatted text.

```python
import time
import os
from moviepy.editor import TextClip, CompositeVideoClip
from moviepy.video.io.ffmpeg_writer import FFMPEG_VideoWriter
import logging

logging.basicConfig(level=logging.DEBUG)

def type_text(file_path, output_path):
    with open(file_path, 'r') as file:
        code_text = file.read()

    logging.info(f"Read Python code from {file_path}")

    # Set up terminal-like environment
    os.system('cls' if os.name == 'nt' else 'clear')
    
    # Create a TextClip for the typing effect
    text_clip = TextClip(code_text, color='white', bg_color='black', fontsize=18, size=(640, 480), method='label')
    typed_text = TextClip("", color='white', bg_color='black', fontsize=18, size=(640, 480), method='label')

    logging.info("Initialized TextClip for typing effect")

    # Create a CompositeVideoClip to combine the original code and the typing effect
    video_clip = CompositeVideoClip([text_clip.set_position('center'), typed_text.set_position('center')])

    logging.info("Created CompositeVideoClip")

    # Set up video writer
    writer = FFMPEG_VideoWriter(output_path, codec='libx264', fps=24.0, preset='ultrafast')
    logging.info(f"Initialized VideoWriter for {output_path}")

    # Simulate typing effect
    for char in code_text:
        typed_text = typed_text.set_text(typed_text.txt + char)
        video_clip = CompositeVideoClip([text_clip.set_position('center'), typed_text.set_position('center')])

        # Write the frame to the video file
        writer.write_frame(video_clip.get_frame(0))

        # Wait a short time for a realistic typing speed
        time.sleep(0.05)

    logging.info(f"Finished typing effect. Video saved to {output_path}")

    # Close the video writer
    writer.close()

if __name__ == "__main__":
    input_file_path = "python_code.txt"
    output_video_path = "typing_effect.mp4"

    logging.info("Starting typing effect simulation")

    type_text(input_file_path, output_video_path)
```

This script uses the `TextClip` and `CompositeVideoClip` classes from moviepy to create the typing effect. It writes the resulting video to a file named `typing_effect.mp4`. You can adjust the input and output file paths accordingly. Let me know if you need any further explanations or modifications!
user
Traceback (most recent call last):
  File "/home/jack/miniconda3/envs/cloned_base/lib/python3.9/site-packages/moviepy/video/VideoClip.py", line 1137, in __init__
    subprocess_call(cmd, logger=None)
  File "/home/jack/miniconda3/envs/cloned_base/lib/python3.9/site-packages/moviepy/tools.py", line 54, in subprocess_call
    raise IOError(err.decode('utf8'))
OSError: convert-im6.q16: width or height exceeds limit `@/tmp/tmpxsv646j7.txt' @ error/label.c/ReadLABELImage/138.
convert-im6.q16: no images defined `PNG32:/tmp/tmptccvmkhw.png' @ error/convert.c/ConvertImageCommand/3258.


During handling of the above exception, another exception occurred:

Traceback (most recent call last):
  File "/home/jack/Desktop/flask_conversations/static/assets/typer.py", line 55, in <module>
    type_text(input_file_path, output_video_path)
  File "/home/jack/Desktop/flask_conversations/static/assets/typer.py", line 19, in type_text
    text_clip = TextClip(code_text, color='white', bg_color='black', fontsize=18, size=(640, 480), method='label')
  File "/home/jack/miniconda3/envs/cloned_base/lib/python3.9/site-packages/moviepy/video/VideoClip.py", line 1146, in __init__
    raise IOError(error)
OSError: MoviePy Error: creation of None failed because of the following error:

convert-im6.q16: width or height exceeds limit `@/tmp/tmpxsv646j7.txt' @ error/label.c/ReadLABELImage/138.
convert-im6.q16: no images defined `PNG32:/tmp/tmptccvmkhw.png' @ error/convert.c/ConvertImageCommand/3258.
.

.This error can be due to the fact that ImageMagick is not installed on your computer, or (for Windows users) that you didn't specify the path to the ImageMagick binary in file conf.py, or that the path you specified is incorrect
imagemagic is available and has been used by Pthoon
ChatGPT
It seems like there might be an issue with the ImageMagick configuration. MoviePy relies on ImageMagick for certain operations, and the error suggests that ImageMagick is either not installed or there's an issue with its configuration.

Let's try a workaround by explicitly specifying the ImageMagick binary path. Please update your script like this:

```python
import time
import os
from moviepy.editor import TextClip, CompositeVideoClip
from moviepy.video.io.ffmpeg_writer import FFMPEG_VideoWriter
import logging

# Specify the path to ImageMagick's convert binary
os.environ["IMAGEIO_FFMPEG_EXE"] = "/path/to/convert"

logging.basicConfig(level=logging.DEBUG)

def type_text(file_path, output_path):
    with open(file_path, 'r') as file:
        code_text = file.read()

    logging.info(f"Read Python code from {file_path}")

    # Set up terminal-like environment
    os.system('cls' if os.name == 'nt' else 'clear')
    
    # Create a TextClip for the typing effect
    text_clip = TextClip(code_text, color='white', bg_color='black', fontsize=18, size=(640, 480), method='label')
    typed_text = TextClip("", color='white', bg_color='black', fontsize=18, size=(640, 480), method='label')

    logging.info("Initialized TextClip for typing effect")

    # Create a CompositeVideoClip to combine the original code and the typing effect
    video_clip = CompositeVideoClip([text_clip.set_position('center'), typed_text.set_position('center')])

    logging.info("Created CompositeVideoClip")

    # Set up video writer
    writer = FFMPEG_VideoWriter(output_path, codec='libx264', fps=24.0, preset='ultrafast')
    logging.info(f"Initialized VideoWriter for {output_path}")

    # Simulate typing effect
    for char in code_text:
        typed_text = typed_text.set_text(typed_text.txt + char)
        video_clip = CompositeVideoClip([text_clip.set_position('center'), typed_text.set_position('center')])

        # Write the frame to the video file
        writer.write_frame(video_clip.get_frame(0))

        # Wait a short time for a realistic typing speed
        time.sleep(0.05)

    logging.info(f"Finished typing effect. Video saved to {output_path}")

    # Close the video writer
    writer.close()

if __name__ == "__main__":
    input_file_path = "python_code.txt"
    output_video_path = "typing_effect.mp4"

    logging.info("Starting typing effect simulation")

    type_text(input_file_path, output_video_path)
```

Replace `"/path/to/convert"` with the actual path to the `convert` binary in your ImageMagick installation. Try running the script again and see if it resolves the issue. Let me know if you encounter any further problems!
user
Traceback (most recent call last):
  File "/home/jack/miniconda3/envs/cloned_base/lib/python3.9/site-packages/moviepy/video/VideoClip.py", line 1137, in __init__
    subprocess_call(cmd, logger=None)
  File "/home/jack/miniconda3/envs/cloned_base/lib/python3.9/site-packages/moviepy/tools.py", line 54, in subprocess_call
    raise IOError(err.decode('utf8'))
OSError: convert-im6.q16: width or height exceeds limit `@/tmp/tmpoyjedo5k.txt' @ error/label.c/ReadLABELImage/138.
convert-im6.q16: no images defined `PNG32:/tmp/tmpy4qjyl97.png' @ error/convert.c/ConvertImageCommand/3258.


During handling of the above exception, another exception occurred:

Traceback (most recent call last):
  File "/home/jack/Desktop/flask_conversations/static/assets/typer.py", line 58, in <module>
    type_text(input_file_path, output_video_path)
  File "/home/jack/Desktop/flask_conversations/static/assets/typer.py", line 22, in type_text
    text_clip = TextClip(code_text, color='white', bg_color='black', fontsize=18, size=(640, 480), method='label')
  File "/home/jack/miniconda3/envs/cloned_base/lib/python3.9/site-packages/moviepy/video/VideoClip.py", line 1146, in __init__
    raise IOError(error)
OSError: MoviePy Error: creation of None failed because of the following error:

convert-im6.q16: width or height exceeds limit `@/tmp/tmpoyjedo5k.txt' @ error/label.c/ReadLABELImage/138.
convert-im6.q16: no images defined `PNG32:/tmp/tmpy4qjyl97.png' @ error/convert.c/ConvertImageCommand/3258.
.

.This error can be due to the fact that ImageMagick is not installed on your computer, or (for Windows users) that you didn't specify the path to the ImageMagick binary in file conf.py, or that the path you specified is incorrect
it has the path to convert
ChatGPT
I apologize for the continued inconvenience. It seems the issue persists despite specifying the ImageMagick binary path. Let's try an alternative approach by using a different method for creating the TextClip.

Replace the creation of `TextClip` with the following lines:

```python
from moviepy.editor import clips_array
from moviepy.video.VideoClip import TextClip

# Create a TextClip for the typing effect
text_clip = TextClip(code_text, color='white', bg_color='black', fontsize=18, size=(640, 480), method='caption', align='Center')
typed_text = TextClip("", color='white', bg_color='black', fontsize=18, size=(640, 480), method='caption', align='Center')
```

Then, modify the loop where the typing effect is simulated:

```python
# Simulate typing effect
for char in code_text:
    typed_text = typed_text.set_text(typed_text.txt + char)
    video_clip = clips_array([[text_clip.set_position('center').get_frame(0), typed_text.set_position('center').get_frame(0)]])

    # Write the frame to the video file
    writer.write_frame(video_clip.get_frame(0))

    # Wait a short time for a realistic typing speed
    time.sleep(0.05)
```

This should use the `clips_array` method to combine the original code and the typing effect, which may help avoid the ImageMagick error. Try running the script again with these modifications and let me know if it resolves the issue.
user
Traceback (most recent call last):
  File "/home/jack/miniconda3/envs/cloned_base/lib/python3.9/site-packages/moviepy/video/VideoClip.py", line 1137, in __init__
    subprocess_call(cmd, logger=None)
  File "/home/jack/miniconda3/envs/cloned_base/lib/python3.9/site-packages/moviepy/tools.py", line 54, in subprocess_call
    raise IOError(err.decode('utf8'))
OSError: convert-im6.q16: width or height exceeds limit `@/tmp/tmpsj72e_i5.txt' @ error/caption.c/ReadCAPTIONImage/161.
convert-im6.q16: no images defined `PNG32:/tmp/tmpasm5mo8a.png' @ error/convert.c/ConvertImageCommand/3258.


During handling of the above exception, another exception occurred:

Traceback (most recent call last):
  File "/home/jack/Desktop/flask_conversations/static/assets/typer.py", line 63, in <module>
    type_text(input_file_path, output_video_path)
  File "/home/jack/Desktop/flask_conversations/static/assets/typer.py", line 26, in type_text
    text_clip = TextClip(code_text, color='white', bg_color='black', fontsize=18, size=(640, 480), method='caption', align='Center')
  File "/home/jack/miniconda3/envs/cloned_base/lib/python3.9/site-packages/moviepy/video/VideoClip.py", line 1146, in __init__
    raise IOError(error)
OSError: MoviePy Error: creation of None failed because of the following error:

convert-im6.q16: width or height exceeds limit `@/tmp/tmpsj72e_i5.txt' @ error/caption.c/ReadCAPTIONImage/161.
convert-im6.q16: no images defined `PNG32:/tmp/tmpasm5mo8a.png' @ error/convert.c/ConvertImageCommand/3258.
.

.This error can be due to the fact that ImageMagick is not installed on your computer, or (for Windows users) that you didn't specify the path to the ImageMagick binary in file conf.py, or that the path you specified is incorrect
ChatGPT
I apologize for the ongoing issues. It seems the problem persists despite the attempts to address it. In this case, let's simplify the process and use an alternative approach. We'll directly use OpenCV to create the typing effect without relying on ImageMagick.

Please modify your script as follows:

```python
import cv2
import time
import os
import logging

logging.basicConfig(level=logging.DEBUG)

def type_text(file_path, output_path):
    with open(file_path, 'r') as file:
        code_text = file.read()

    logging.info(f"Read Python code from {file_path}")

    # Set up terminal-like environment
    os.system('cls' if os.name == 'nt' else 'clear')

    # Set font and other parameters
    font = cv2.FONT_HERSHEY_SIMPLEX
    font_scale = 0.5
    font_thickness = 1
    font_color = (255, 255, 255)
    background_color = (0, 0, 0)

    # Create a black image with text area
    height, width = 480, 640
    img = 255 * np.ones((height, width, 3), dtype=np.uint8)
    
    # Set up video writer
    fourcc = cv2.VideoWriter_fourcc(*'mp4v')
    writer = cv2.VideoWriter(output_path, fourcc, 24.0, (width, height))

    logging.info(f"Initialized VideoWriter for {output_path}")

    # Simulate typing effect
    for i in range(len(code_text) + 1):
        partial_text = code_text[:i]
        
        # Draw text on the image
        img = 255 * np.ones((height, width, 3), dtype=np.uint8)
        img = cv2.putText(img, partial_text, (10, 30), font, font_scale, font_color, font_thickness, cv2.LINE_AA)
        
        # Write the frame to the video file
        writer.write(img)

        # Wait a short time for a realistic typing speed
        time.sleep(0.05)

    logging.info(f"Finished typing effect. Video saved to {output_path}")

    # Release the video writer
    writer.release()

if __name__ == "__main__":
    input_file_path = "python_code.txt"
    output_video_path = "typing_effect.mp4"

    logging.info("Starting typing effect simulation")

    type_text(input_file_path, output_video_path)
```

This script uses OpenCV to create the typing effect directly. Make sure to have the `cv2` module installed (`pip install opencv-python`). Try running the script with these modifications and let me know if it resolves the issue.
user
it created a pure white video 
ChatGPT
I apologize for the inconvenience. It seems there might be an issue with the OpenCV configuration or the way the text is being drawn on the image. Let's make some adjustments to the code:

```python
import cv2
import numpy as np
import time
import os
import logging

logging.basicConfig(level=logging.DEBUG)

def type_text(file_path, output_path):
    with open(file_path, 'r') as file:
        code_text = file.read()

    logging.info(f"Read Python code from {file_path}")

    # Set up terminal-like environment
    os.system('cls' if os.name == 'nt' else 'clear')

    # Set font and other parameters
    font = cv2.FONT_HERSHEY_SIMPLEX
    font_scale = 0.5
    font_thickness = 1
    font_color = (255, 255, 255)
    background_color = (0, 0, 0)

    # Create a black image with text area
    height, width = 480, 640
    img = np.zeros((height, width, 3), dtype=np.uint8)

    # Set up video writer
    fourcc = cv2.VideoWriter_fourcc(*'mp4v')
    writer = cv2.VideoWriter(output_path, fourcc, 24.0, (width, height))

    logging.info(f"Initialized VideoWriter for {output_path}")

    # Simulate typing effect
    for i in range(len(code_text) + 1):
        partial_text = code_text[:i]
        
        # Draw text on the image
        img = np.zeros((height, width, 3), dtype=np.uint8)
        img = cv2.putText(img, partial_text, (10, 30), font, font_scale, font_color, font_thickness, cv2.LINE_AA)

        # Write the frame to the video file
        writer.write(img)

        # Wait a short time for a realistic typing speed
        time.sleep(0.05)

    logging.info(f"Finished typing effect. Video saved to {output_path}")

    # Release the video writer
    writer.release()

if __name__ == "__main__":
    input_file_path = "python_code.txt"
    output_video_path = "typing_effect.mp4"

    logging.info("Starting typing effect simulation")

    type_text(input_file_path, output_video_path)
```

These adjustments include setting the background of the image to black and then drawing the text on it. Please run the modified script and let me know if it works as expected.
user
it prints ? in place of starting a new line
ChatGPT
I apologize for the oversight. It seems there's an issue with how newline characters are being interpreted. Let's modify the code to handle newlines properly:

```python
import cv2
import numpy as np
import time
import os
import logging

logging.basicConfig(level=logging.DEBUG)

def type_text(file_path, output_path):
    with open(file_path, 'r') as file:
        code_text = file.read()

    logging.info(f"Read Python code from {file_path}")

    # Set up terminal-like environment
    os.system('cls' if os.name == 'nt' else 'clear')

    # Set font and other parameters
    font = cv2.FONT_HERSHEY_SIMPLEX
    font_scale = 0.5
    font_thickness = 1
    font_color = (255, 255, 255)
    background_color = (0, 0, 0)

    # Create a black image with text area
    height, width = 480, 640
    img = np.zeros((height, width, 3), dtype=np.uint8)

    # Set up video writer
    fourcc = cv2.VideoWriter_fourcc(*'mp4v')
    writer = cv2.VideoWriter(output_path, fourcc, 24.0, (width, height))

    logging.info(f"Initialized VideoWriter for {output_path}")

    # Simulate typing effect
    lines = code_text.split('\n')
    for line_index, line in enumerate(lines):
        for i in range(len(line) + 1):
            partial_text = line[:i]
            
            # Draw text on the image
            img = np.zeros((height, width, 3), dtype=np.uint8)
            img = cv2.putText(img, partial_text, (10, 30), font, font_scale, font_color, font_thickness, cv2.LINE_AA)

            # Write the frame to the video file
            writer.write(img)

            # Wait a short time for a realistic typing speed
            time.sleep(0.05)

        # Add a newline after each line, except for the last line
        if line_index < len(lines) - 1:
            writer.write(np.zeros((height, width, 3), dtype=np.uint8))

    logging.info(f"Finished typing effect. Video saved to {output_path}")

    # Release the video writer
    writer.release()

if __name__ == "__main__":
    input_file_path = "python_code.txt"
    output_video_path = "typing_effect.mp4"

    logging.info("Starting typing effect simulation")

    type_text(input_file_path, output_video_path)
```

This modification should handle newline characters appropriately. Please try running the script again, and let me know if it resolves the issue.
user
much closer. the video types a new line in the same location
so the video has one line of changing text
ChatGPT
I appreciate your patience. It seems there's a misunderstanding in how OpenCV handles newline characters. Let's make further adjustments to the code to ensure each line is displayed separately:

```python
import cv2
import numpy as np
import time
import os
import logging

logging.basicConfig(level=logging.DEBUG)

def type_text(file_path, output_path):
    with open(file_path, 'r') as file:
        code_text = file.read()

    logging.info(f"Read Python code from {file_path}")

    # Set up terminal-like environment
    os.system('cls' if os.name == 'nt' else 'clear')

    # Set font and other parameters
    font = cv2.FONT_HERSHEY_SIMPLEX
    font_scale = 0.5
    font_thickness = 1
    font_color = (255, 255, 255)
    background_color = (0, 0, 0)

    # Create a black image with text area
    height, width = 480, 640
    img = np.zeros((height, width, 3), dtype=np.uint8)

    # Set up video writer
    fourcc = cv2.VideoWriter_fourcc(*'mp4v')
    writer = cv2.VideoWriter(output_path, fourcc, 24.0, (width, height))

    logging.info(f"Initialized VideoWriter for {output_path}")

    # Simulate typing effect
    lines = code_text.split('\n')
    for line_index, line in enumerate(lines):
        for i in range(len(line) + 1):
            partial_text = line[:i]
            
            # Draw text on the image
            img = np.zeros((height, width, 3), dtype=np.uint8)
            img = cv2.putText(img, partial_text, (10, 30 + line_index * 20), font, font_scale, font_color, font_thickness, cv2.LINE_AA)

            # Write the frame to the video file
            writer.write(img)

            # Wait a short time for a realistic typing speed
            time.sleep(0.05)

    logging.info(f"Finished typing effect. Video saved to {output_path}")

    # Release the video writer
    writer.release()

if __name__ == "__main__":
    input_file_path = "python_code.txt"
    output_video_path = "typing_effect.mp4"

    logging.info("Starting typing effect simulation")

    type_text(input_file_path, output_video_path)
```

In this modification, I've adjusted the vertical position of each line to avoid overlapping. Each line should now appear separately. Please try running the script again and let me know if it meets your expectations.
user
now it moves down the screen, however it eraes the line above it
ChatGPT
I appreciate your feedback. To address the issue of lines being erased, we'll modify the script to draw all lines in the background before writing each frame. This way, the lines above won't be erased. Please update your script with the following changes:

```python
import cv2
import numpy as np
import time
import os
import logging

logging.basicConfig(level=logging.DEBUG)

def type_text(file_path, output_path):
    with open(file_path, 'r') as file:
        code_text = file.read()

    logging.info(f"Read Python code from {file_path}")

    # Set up terminal-like environment
    os.system('cls' if os.name == 'nt' else 'clear')

    # Set font and other parameters
    font = cv2.FONT_HERSHEY_SIMPLEX
    font_scale = 0.5
    font_thickness = 1
    font_color = (255, 255, 255)
    background_color = (0, 0, 0)

    # Create a black image with text area
    height, width = 480, 640
    img = np.zeros((height, width, 3), dtype=np.uint8)

    # Set up video writer
    fourcc = cv2.VideoWriter_fourcc(*'mp4v')
    writer = cv2.VideoWriter(output_path, fourcc, 24.0, (width, height))

    logging.info(f"Initialized VideoWriter for {output_path}")

    # Simulate typing effect
    lines = code_text.split('\n')
    for line_index, line in enumerate(lines):
        for i in range(len(line) + 1):
            partial_text = line[:i]

            # Draw all lines on the background
            img = np.zeros((height, width, 3), dtype=np.uint8)
            for j, drawn_line in enumerate(lines[:line_index + 1]):
                img = cv2.putText(img, drawn_line, (10, 30 + j * 20), font, font_scale, font_color, font_thickness, cv2.LINE_AA)

            # Draw the current partial text
            img = cv2.putText(img, partial_text, (10, 30 + line_index * 20), font, font_scale, font_color, font_thickness, cv2.LINE_AA)

            # Write the frame to the video file
            writer.write(img)

            # Wait a short time for a realistic typing speed
            time.sleep(0.05)

    logging.info(f"Finished typing effect. Video saved to {output_path}")

    # Release the video writer
    writer.release()

if __name__ == "__main__":
    input_file_path = "python_code.txt"
    output_video_path = "typing_effect.mp4"

    logging.info("Starting typing effect simulation")

    type_text(input_file_path, output_video_path)
```

This modification should address the issue of lines being erased. Please try running the script again and let me know if it now works as expected.
user
90% there, however it types a whole line at once, it needs to be one character at a time
ChatGPT
I appreciate your feedback. To achieve a one-character-at-a-time typing effect, let's modify the script to simulate the typing more granularly. We'll iterate through each character within a line, simulating the typing effect. Please update your script with the following changes:

```python
import cv2
import numpy as np
import time
import os
import logging

logging.basicConfig(level=logging.DEBUG)

def type_text(file_path, output_path):
    with open(file_path, 'r') as file:
        code_text = file.read()

    logging.info(f"Read Python code from {file_path}")

    # Set up terminal-like environment
    os.system('cls' if os.name == 'nt' else 'clear')

    # Set font and other parameters
    font = cv2.FONT_HERSHEY_SIMPLEX
    font_scale = 0.5
    font_thickness = 1
    font_color = (255, 255, 255)
    background_color = (0, 0, 0)

    # Create a black image with text area
    height, width = 480, 640
    img = np.zeros((height, width, 3), dtype=np.uint8)

    # Set up video writer
    fourcc = cv2.VideoWriter_fourcc(*'mp4v')
    writer = cv2.VideoWriter(output_path, fourcc, 24.0, (width, height))

    logging.info(f"Initialized VideoWriter for {output_path}")

    # Simulate typing effect
    lines = code_text.split('\n')
    for line_index, line in enumerate(lines):
        for i in range(len(line) + 1):
            partial_text = line[:i]

            # Draw all lines on the background
            img = np.zeros((height, width, 3), dtype=np.uint8)
            for j, drawn_line in enumerate(lines[:line_index + 1]):
                img = cv2.putText(img, drawn_line, (10, 30 + j * 20), font, font_scale, font_color, font_thickness, cv2.LINE_AA)

            # Draw the current partial text
            img = cv2.putText(img, partial_text, (10, 30 + line_index * 20), font, font_scale, font_color, font_thickness, cv2.LINE_AA)

            # Write the frame to the video file
            writer.write(img)

            # Wait a short time for a realistic typing speed
            time.sleep(0.02)  # Decreased sleep time for a faster typing effect

    logging.info(f"Finished typing effect. Video saved to {output_path}")

    # Release the video writer
    writer.release()

if __name__ == "__main__":
    input_file_path = "python_code.txt"
    output_video_path = "typing_effect.mp4"

    logging.info("Starting typing effect simulation")

    type_text(input_file_path, output_video_path)
```

This modification introduces a smaller delay between characters to create a more granular typing effect. Please run the script with these changes and let me know if it meets your expectations.
user
the appearance  is it prints a whole line first, then retypes the line a character at a time 
ChatGPT
I apologize for the confusion. To address the issue and achieve a character-by-character typing effect without displaying the entire line first, we need to adjust the structure of the loops. Please make the following modifications to your script:

```python
import cv2
import numpy as np
import time
import os
import logging

logging.basicConfig(level=logging.DEBUG)

def type_text(file_path, output_path):
    with open(file_path, 'r') as file:
        code_text = file.read()

    logging.info(f"Read Python code from {file_path}")

    # Set up terminal-like environment
    os.system('cls' if os.name == 'nt' else 'clear')

    # Set font and other parameters
    font = cv2.FONT_HERSHEY_SIMPLEX
    font_scale = 0.5
    font_thickness = 1
    font_color = (255, 255, 255)
    background_color = (0, 0, 0)

    # Create a black image with text area
    height, width = 480, 640
    img = np.zeros((height, width, 3), dtype=np.uint8)

    # Set up video writer
    fourcc = cv2.VideoWriter_fourcc(*'mp4v')
    writer = cv2.VideoWriter(output_path, fourcc, 24.0, (width, height))

    logging.info(f"Initialized VideoWriter for {output_path}")

    # Simulate typing effect
    lines = code_text.split('\n')
    for line_index, line in enumerate(lines):
        typed_text = ""
        for i in range(len(line) + 1):
            partial_text = line[:i]

            # Draw all lines on the background
            img = np.zeros((height, width, 3), dtype=np.uint8)
            for j, drawn_line in enumerate(lines[:line_index]):
                img = cv2.putText(img, drawn_line, (10, 30 + j * 20), font, font_scale, font_color, font_thickness, cv2.LINE_AA)

            # Draw the current partial text
            img = cv2.putText(img, typed_text, (10, 30 + line_index * 20), font, font_scale, font_color, font_thickness, cv2.LINE_AA)

            # Write the frame to the video file
            writer.write(img)

            # Wait a short time for a realistic typing speed
            time.sleep(0.02)  # Decreased sleep time for a faster typing effect

            # Update the typed_text variable for the next iteration
            typed_text = partial_text

    logging.info(f"Finished typing effect. Video saved to {output_path}")

    # Release the video writer
    writer.release()

if __name__ == "__main__":
    input_file_path = "python_code.txt"
    output_video_path = "typing_effect.mp4"

    logging.info("Starting typing effect simulation")

    type_text(input_file_path, output_video_path)
```

This modification ensures that the text is built character by character, avoiding the issue of displaying the whole line first. Please run the modified script and let me know if it now behaves as expected.
user
it looks great
ChatGPT
I'm glad to hear that it looks great now! If you have any more questions or if there's anything else I can help you with, feel free to ask. Happy coding and video creation!
user
import cv2
import numpy as np
import time
import os
import logging
from random import randint
logging.basicConfig(level=logging.DEBUG)

def type_text(file_path, output_path):
    with open(file_path, 'r') as file:
        code_text = file.read()

    logging.info(f"Read Python code from {file_path}")

    # Set up terminal-like environment
    os.system('cls' if os.name == 'nt' else 'clear')

    # Set font and other parameters
    font = cv2.FONT_HERSHEY_SIMPLEX
    font_scale = 0.3
    font_thickness = 1
    font_color = (255, 255, 255)
    background_color = (0, 0, 0)

    # Create a black image with text area
    height, width = 480, 640
    img = np.zeros((height, width, 3), dtype=np.uint8)

    # Set up video writer
    fourcc = cv2.VideoWriter_fourcc(*'mp4v')
    writer = cv2.VideoWriter(output_path, fourcc, 24.0, (width, height))

    logging.info(f"Initialized VideoWriter for {output_path}")

    # Simulate typing effect
    lines = code_text.split('\n')
    for line_index, line in enumerate(lines):
        typed_text = ""
        for i in range(len(line) + 1):
            partial_text = line[:i]

            # Draw all lines on the background
            img = np.zeros((height, width, 3), dtype=np.uint8)
            for j, drawn_line in enumerate(lines[:line_index]):
                img = cv2.putText(img, drawn_line, (10, 30 + j * 20), font, font_scale, font_color, font_thickness, cv2.LINE_AA)

            # Draw the current partial text
            img = cv2.putText(img, typed_text, (10, 30 + line_index * 20), font, font_scale, font_color, font_thickness, cv2.LINE_AA)

            # Write the frame to the video file
            writer.write(img)

            # Wait a short time for a realistic typing speed
            tm = randint(2, 8) / 100
            time.sleep(tm)  # Decreased sleep time for a faster typing effect

            # Update the typed_text variable for the next iteration
            typed_text = partial_text

    logging.info(f"Finished typing effect. Video saved to {output_path}")

    # Release the video writer
    writer.release()

if __name__ == "__main__":
    input_file_path = "python_code.txt"
    output_video_path = "typing_effect.mp4"

    logging.info("Starting typing effect simulation")

    type_text(input_file_path, output_video_path)
i want the delay random between .02-..08
ChatGPT
It looks like you've already implemented the random delay between 0.02 and 0.08 seconds in your script using `randint(2, 8) / 100`. This is a good approach for introducing variability in the typing speed.

Your script seems well-constructed for creating a dynamic typing effect. If you have any specific questions or if there's anything else you'd like to modify or add, feel free to let me know!
user
import cv2
import numpy as np
import time
import os
import logging
from random import randint
logging.basicConfig(level=logging.DEBUG)

def type_text(file_path, output_path):
    with open(file_path, 'r') as file:
        code_text = file.read()

    logging.info(f"Read Python code from {file_path}")

    # Set up terminal-like environment
    os.system('cls' if os.name == 'nt' else 'clear')

    # Set font and other parameters
    font = cv2.FONT_HERSHEY_SIMPLEX
    font_scale = 0.5
    font_thickness = 1
    font_color = (255, 255, 255)
    background_color = (0, 0, 0)

    # Create a black image with text area
    height, width = 512, 1024
    img = np.zeros((height, width, 3), dtype=np.uint8)

    # Set up video writer
    fourcc = cv2.VideoWriter_fourcc(*'mp4v')
    writer = cv2.VideoWriter(output_path, fourcc, 24.0, (width, height))

    logging.info(f"Initialized VideoWriter for {output_path}")

    # Simulate typing effect
    lines = code_text.split('\n')
    for line_index, line in enumerate(lines):
        typed_text = ""
        for i in range(len(line) + 1):
            partial_text = line[:i]

            # Draw all lines on the background
            img = np.zeros((height, width, 3), dtype=np.uint8)
            for j, drawn_line in enumerate(lines[:line_index]):
                img = cv2.putText(img, drawn_line, (10, 30 + j * 20), font, font_scale, font_color, font_thickness, cv2.LINE_AA)

            # Draw the current partial text
            img = cv2.putText(img, typed_text, (10, 30 + line_index * 20), font, font_scale, font_color, font_thickness, cv2.LINE_AA)

            # Write the frame to the video file
            writer.write(img)

            # Wait a short time for a realistic typing speed
            tm = randint(8, 19) / 100
            time.sleep(tm)  # Decreased sleep time for a faster typing effect

            # Update the typed_text variable for the next iteration
            typed_text = partial_text

    logging.info(f"Finished typing effect. Video saved to {output_path}")

    # Release the video writer
    writer.release()

if __name__ == "__main__":
    input_file_path = "python_code.txt"
    output_video_path = "typing_effect.mp4"

    logging.info("Starting typing effect simulation")

    type_text(input_file_path, output_video_path)
the random seems to effect the video creation time, not the typing speed
ChatGPT
I see, the issue is with the interpretation of the `time.sleep` function. The argument you pass to `time.sleep` is interpreted in seconds, and it seems you intended to use milliseconds. To fix this, you can adjust the sleep time to be in seconds. Here's the modified script:

```python
import cv2
import numpy as np
import time
import os
import logging
from random import randint
logging.basicConfig(level=logging.DEBUG)

def type_text(file_path, output_path):
    with open(file_path, 'r') as file:
        code_text = file.read()

    logging.info(f"Read Python code from {file_path}")

    # Set up terminal-like environment
    os.system('cls' if os.name == 'nt' else 'clear')

    # Set font and other parameters
    font = cv2.FONT_HERSHEY_SIMPLEX
    font_scale = 0.5
    font_thickness = 1
    font_color = (255, 255, 255)
    background_color = (0, 0, 0)

    # Create a black image with text area
    height, width = 512, 1024
    img = np.zeros((height, width, 3), dtype=np.uint8)

    # Set up video writer
    fourcc = cv2.VideoWriter_fourcc(*'mp4v')
    writer = cv2.VideoWriter(output_path, fourcc, 24.0, (width, height))

    logging.info(f"Initialized VideoWriter for {output_path}")

    # Simulate typing effect
    lines = code_text.split('\n')
    for line_index, line in enumerate(lines):
        typed_text = ""
        for i in range(len(line) + 1):
            partial_text = line[:i]

            # Draw all lines on the background
            img = np.zeros((height, width, 3), dtype=np.uint8)
            for j, drawn_line in enumerate(lines[:line_index]):
                img = cv2.putText(img, drawn_line, (10, 30 + j * 20), font, font_scale, font_color, font_thickness, cv2.LINE_AA)

            # Draw the current partial text
            img = cv2.putText(img, typed_text, (10, 30 + line_index * 20), font, font_scale, font_color, font_thickness, cv2.LINE_AA)

            # Write the frame to the video file
            writer.write(img)

            # Wait a short time for a realistic typing speed
            tm = randint(8, 19) / 1000  # Convert milliseconds to seconds
            time.sleep(tm)

            # Update the typed_text variable for the next iteration
            typed_text = partial_text

    logging.info(f"Finished typing effect. Video saved to {output_path}")

    # Release the video writer
    writer.release()

if __name__ == "__main__":
    input_file_path = "python_code.txt"
    output_video_path = "typing_effect.mp4"

    logging.info("Starting typing effect simulation")

    type_text(input_file_path, output_video_path)
```

Now, the `time.sleep` argument is adjusted to be in seconds, and it should correctly affect the typing speed without impacting the video creation time. Please try running this modified script and let me know if it works as expected.
user
import cv2
import numpy as np
import time
import os
import logging
from random import randint
logging.basicConfig(level=logging.DEBUG)

def type_text(file_path, output_path):
    with open(file_path, 'r') as file:
        code_text = file.read()

    logging.info(f"Read Python code from {file_path}")

    # Set up terminal-like environment
    os.system('cls' if os.name == 'nt' else 'clear')

    # Set font and other parameters
    font = cv2.FONT_HERSHEY_SIMPLEX
    font_scale = 0.5
    font_thickness = 1
    font_color = (255, 255, 255)
    background_color = (0, 0, 0)

    # Create a black image with text area
    height, width = 512, 1024
    img = np.zeros((height, width, 3), dtype=np.uint8)

    # Set up video writer
    fourcc = cv2.VideoWriter_fourcc(*'mp4v')
    writer = cv2.VideoWriter(output_path, fourcc, 24.0, (width, height))

    logging.info(f"Initialized VideoWriter for {output_path}")

    # Simulate typing effect
    lines = code_text.split('\n')
    for line_index, line in enumerate(lines):
        typed_text = ""
        for i in range(len(line) + 1):
            partial_text = line[:i]

            # Draw all lines on the background
            img = np.zeros((height, width, 3), dtype=np.uint8)
            for j, drawn_line in enumerate(lines[:line_index]):
                img = cv2.putText(img, drawn_line, (10, 30 + j * 20), font, font_scale, font_color, font_thickness, cv2.LINE_AA)

            # Draw the current partial text
            img = cv2.putText(img, typed_text, (10, 30 + line_index * 20), font, font_scale, font_color, font_thickness, cv2.LINE_AA)

            # Write the frame to the video file
            writer.write(img)

            # Wait a short time for a realistic typing speed
            tm = randint(100, 400) / 1000  # Convert milliseconds to seconds
            time.sleep(tm)

            # Update the typed_text variable for the next iteration
            typed_text = partial_text

    logging.info(f"Finished typing effect. Video saved to {output_path}")

    # Release the video writer
    writer.release()

if __name__ == "__main__":
    input_file_path = "python_code.txt"
    output_video_path = "typing_effect.mp4"

    logging.info("Starting typing effect simulation")

    type_text(input_file_path, output_video_path)
this did not effect typing speed
ChatGPT
I apologize for the confusion. It seems the issue persists. To ensure the typing speed is affected by the random delay, let's try a different approach by using `cv2.waitKey` to control the delay between frames. I'll make the necessary modifications in your script:

```python
import cv2
import numpy as np
import time
import os
import logging
from random import randint

logging.basicConfig(level=logging.DEBUG)

def type_text(file_path, output_path):
    with open(file_path, 'r') as file:
        code_text = file.read()

    logging.info(f"Read Python code from {file_path}")

    # Set up font and other parameters
    font = cv2.FONT_HERSHEY_SIMPLEX
    font_scale = 0.5
    font_thickness = 1
    font_color = (255, 255, 255)
    background_color = (0, 0, 0)

    # Create a black image with text area
    height, width = 512, 1024
    img = np.zeros((height, width, 3), dtype=np.uint8)

    # Set up video writer
    fourcc = cv2.VideoWriter_fourcc(*'mp4v')
    writer = cv2.VideoWriter(output_path, fourcc, 24.0, (width, height))

    logging.info(f"Initialized VideoWriter for {output_path}")

    # Simulate typing effect
    lines = code_text.split('\n')
    for line_index, line in enumerate(lines):
        typed_text = ""
        for i in range(len(line) + 1):
            partial_text = line[:i]

            # Draw all lines on the background
            img = np.zeros((height, width, 3), dtype=np.uint8)
            for j, drawn_line in enumerate(lines[:line_index]):
                img = cv2.putText(img, drawn_line, (10, 30 + j * 20), font, font_scale, font_color, font_thickness, cv2.LINE_AA)

            # Draw the current partial text
            img = cv2.putText(img, typed_text, (10, 30 + line_index * 20), font, font_scale, font_color, font_thickness, cv2.LINE_AA)

            # Display the frame
            cv2.imshow('Typing Effect', img)
            cv2.waitKey(randint(100, 400))  # Delay in milliseconds

            # Write the frame to the video file
            writer.write(img)

            # Update the typed_text variable for the next iteration
            typed_text = partial_text

    # Release the video writer
    writer.release()
    cv2.destroyAllWindows()

    logging.info(f"Finished typing effect. Video saved to {output_path}")

if __name__ == "__main__":
    input_file_path = "python_code.txt"
    output_video_path = "typing_effect.mp4"

    logging.info("Starting typing effect simulation")

    type_text(input_file_path, output_video_path)
```

This modification uses `cv2.imshow` and `cv2.waitKey` to control the frame display and delay. Please try running this modified script, and let me know if it now affects the typing speed as expected.
user
/home/jack/miniconda3/envs/cloned_base/bin/python /home/jack/Desktop/flask_conversations/static/assets/typer3.py
INFO:root:Starting typing effect simulation
INFO:root:Read Python code from python_code.txt
INFO:root:Initialized VideoWriter for typing_effect.mp4
QObject::moveToThread: Current thread (0x55935b836860) is not the object's thread (0x55935b513a60).
Cannot move to target thread (0x55935b836860)

qt.qpa.plugin: Could not load the Qt platform plugin "xcb" in "" even though it was found.
This application failed to start because no Qt platform plugin could be initialized. Reinstalling the application may fix this problem.

Available platform plugins are: eglfs, minimal, minimalegl, offscreen, vnc, xcb.

Aborted (core dumped)
(cloned_base) jack@jack-Desktop:~/Desktop/flask_conversations$ 
ChatGPT
It appears that there might be an issue with the Qt platform plugin when running the script. This often happens when the script is trying to create a graphical window, and the necessary Qt libraries are not set up correctly.

Since you are working on a headless environment (no graphical interface), you can try running the script without the GUI-related commands. Let's modify the script to remove the `cv2.imshow` and `cv2.waitKey` parts:

```python
import cv2
import numpy as np
import time
import os
import logging
from random import randint

logging.basicConfig(level=logging.DEBUG)

def type_text(file_path, output_path):
    with open(file_path, 'r') as file:
        code_text = file.read()

    logging.info(f"Read Python code from {file_path}")

    # Set up font and other parameters
    font = cv2.FONT_HERSHEY_SIMPLEX
    font_scale = 0.5
    font_thickness = 1
    font_color = (255, 255, 255)
    background_color = (0, 0, 0)

    # Create a black image with text area
    height, width = 512, 1024
    img = np.zeros((height, width, 3), dtype=np.uint8)

    # Set up video writer
    fourcc = cv2.VideoWriter_fourcc(*'mp4v')
    writer = cv2.VideoWriter(output_path, fourcc, 24.0, (width, height))

    logging.info(f"Initialized VideoWriter for {output_path}")

    # Simulate typing effect
    lines = code_text.split('\n')
    for line_index, line in enumerate(lines):
        typed_text = ""
        for i in range(len(line) + 1):
            partial_text = line[:i]

            # Draw all lines on the background
            img = np.zeros((height, width, 3), dtype=np.uint8)
            for j, drawn_line in enumerate(lines[:line_index]):
                img = cv2.putText(img, drawn_line, (10, 30 + j * 20), font, font_scale, font_color, font_thickness, cv2.LINE_AA)

            # Draw the current partial text
            img = cv2.putText(img, typed_text, (10, 30 + line_index * 20), font, font_scale, font_color, font_thickness, cv2.LINE_AA)

            # Write the frame to the video file
            writer.write(img)

            # Wait a short time for a realistic typing speed
            tm = randint(100, 400) / 1000  # Convert milliseconds to seconds
            time.sleep(tm)

            # Update the typed_text variable for the next iteration
            typed_text = partial_text

    # Release the video writer
    writer.release()

    logging.info(f"Finished typing effect. Video saved to {output_path}")

if __name__ == "__main__":
    input_file_path = "python_code.txt"
    output_video_path = "typing_effect.mp4"

    logging.info("Starting typing effect simulation")

    type_text(input_file_path, output_video_path)
```

Try running this modified script, and it should create the video without attempting to display a graphical window. Let me know if you encounter any issues.

